[2022-01-11 18:28:41] START
[2022-01-11 18:45:44] CREATE basics.py: 0
[2022-01-11 18:47:24] EDIT pluralsight/controllers/basics.py: 4
[2022-01-11 18:48:56] EDIT pluralsight/controllers/basics.py: 0
[2022-01-11 18:50:01] CREATE basics/helloworld.html: 0
[2022-01-11 18:53:06] EDIT pluralsight/views/basics/helloworld.html: 2
[2022-01-11 18:53:14] EDIT pluralsight/views/basics/helloworld.html: 0
[2022-01-11 18:55:41] EDIT pluralsight/views/basics/helloworld.html: 0
[2022-01-11 18:58:42] EDIT pluralsight/controllers/basics.py: 0
[2022-01-11 18:58:44] EDIT pluralsight/controllers/basics.py: 0
[2022-01-11 19:00:59] EDIT pluralsight/views/basics/helloworld.html: 0
[2022-01-11 19:11:52] EDIT pluralsight/views/basics/helloworld.html: 1
[2022-01-11 19:11:59] EDIT pluralsight/views/basics/helloworld.html: 0
[2022-01-11 19:21:54] EDIT pluralsight/controllers/basics.py: 1
[2022-01-11 19:24:33] EDIT pluralsight/controllers/basics.py: 5
[2022-01-11 19:26:36] EDIT pluralsight/views/basics/helloworld.html: 0
[2022-01-11 19:28:00] EDIT pluralsight/views/basics/helloworld.html: 0
[2022-01-11 19:29:15] CREATE basics/request_args.html: 0
[2022-01-11 19:34:36] EDIT pluralsight/views/basics/helloworld.html: 0
[2022-01-11 19:35:13] EDIT pluralsight/views/basics/helloworld.html: 0
[2022-01-11 19:38:20] EDIT pluralsight/controllers/basics.py: 0
[2022-01-11 19:39:44] EDIT pluralsight/controllers/basics.py: -1
[2022-01-11 19:40:30] EDIT pluralsight/controllers/basics.py: 0
[2022-01-11 19:40:34] EDIT pluralsight/controllers/basics.py: 0
[2022-01-11 19:40:58] EDIT pluralsight/controllers/basics.py: 0
[2022-01-11 19:41:50] CREATE basics/hello_world.html: 0
[2022-01-11 19:42:57] EDIT pluralsight/views/basics/hello_world.html: 0
[2022-01-11 19:43:31] EDIT pluralsight/views/basics/hello_world.html: 0
[2022-01-11 19:43:57] EDIT pluralsight/views/basics/hello_world.html: 3
[2022-01-11 19:50:52] EDIT pluralsight/controllers/basics.py: 9
[2022-01-11 19:51:43] EDIT pluralsight/controllers/basics.py: 0
[2022-01-11 19:52:25] CREATE basics/request_vars.html: 0
[2022-01-11 19:56:25] EDIT pluralsight/views/basics/request_vars.html: 7
[2022-01-11 19:58:16] EDIT pluralsight/views/basics/request_vars.html: 0
[2022-01-11 19:59:40] EDIT pluralsight/controllers/basics.py: 0
[2022-01-11 20:01:50] EDIT pluralsight/controllers/basics.py: 1
